0 info it worked if it ends with ok
1 verbose cli [ '/Users/richard/.nvm/versions/node/v5.0.0/bin/node',
1 verbose cli   '/Users/richard/.nvm/versions/node/v5.0.0/bin/npm',
1 verbose cli   'run',
1 verbose cli   'test' ]
2 info using npm@3.3.6
3 info using node@v5.0.0
4 verbose run-script [ 'pretest', 'test', 'posttest' ]
5 info lifecycle github-task-status@0.0.0~pretest: github-task-status@0.0.0
6 silly lifecycle github-task-status@0.0.0~pretest: no script for pretest, continuing
7 info lifecycle github-task-status@0.0.0~test: github-task-status@0.0.0
8 verbose lifecycle github-task-status@0.0.0~test: unsafe-perm in lifecycle true
9 verbose lifecycle github-task-status@0.0.0~test: PATH: /Users/richard/.nvm/versions/node/v5.0.0/lib/node_modules/npm/bin/node-gyp-bin:/Users/richard/src/github-task-status/node_modules/.bin:~/src/dotfiles/git/:/usr/local/heroku/bin:/Users/richard/.nvm/versions/node/v5.0.0/bin:/usr/local/bin:/usr/bin:/bin:/usr/sbin:/sbin:/usr/local/go/bin:/usr/local/MacGPG2/bin:/Library/TeX/texbin:/Users/richard/.rvm/bin:/Users/richard/gocode/bin
10 verbose lifecycle github-task-status@0.0.0~test: CWD: /Users/richard/src/github-task-status
11 silly lifecycle github-task-status@0.0.0~test: Args: [ '-c', 'standard && ava' ]
12 silly lifecycle github-task-status@0.0.0~test: Returned: code: 1  signal: null
13 info lifecycle github-task-status@0.0.0~test: Failed to exec test script
14 verbose stack Error: github-task-status@0.0.0 test: `standard && ava`
14 verbose stack Exit status 1
14 verbose stack     at EventEmitter.<anonymous> (/Users/richard/.nvm/versions/node/v5.0.0/lib/node_modules/npm/lib/utils/lifecycle.js:233:16)
14 verbose stack     at emitTwo (events.js:87:13)
14 verbose stack     at EventEmitter.emit (events.js:172:7)
14 verbose stack     at ChildProcess.<anonymous> (/Users/richard/.nvm/versions/node/v5.0.0/lib/node_modules/npm/lib/utils/spawn.js:24:14)
14 verbose stack     at emitTwo (events.js:87:13)
14 verbose stack     at ChildProcess.emit (events.js:172:7)
14 verbose stack     at maybeClose (internal/child_process.js:818:16)
14 verbose stack     at Process.ChildProcess._handle.onexit (internal/child_process.js:211:5)
15 verbose pkgid github-task-status@0.0.0
16 verbose cwd /Users/richard/src/github-task-status
17 error Darwin 15.4.0
18 error argv "/Users/richard/.nvm/versions/node/v5.0.0/bin/node" "/Users/richard/.nvm/versions/node/v5.0.0/bin/npm" "run" "test"
19 error node v5.0.0
20 error npm  v3.3.6
21 error code ELIFECYCLE
22 error github-task-status@0.0.0 test: `standard && ava`
22 error Exit status 1
23 error Failed at the github-task-status@0.0.0 test script 'standard && ava'.
23 error This is most likely a problem with the github-task-status package,
23 error not with npm itself.
23 error Tell the author that this fails on your system:
23 error     standard && ava
23 error You can get their info via:
23 error     npm owner ls github-task-status
23 error There is likely additional logging output above.
24 verbose exit [ 1, true ]
